<?xml version="1.0" encoding="UTF-8"?>
<!-- Generated by org.testng.reporters.JUnitReportReporter -->
<testsuite hostname="Intel-LGA1150" name="popupss.popupmessage" tests="1" failures="0" timestamp="9 May 2018 03:06:13 GMT" time="25.911" errors="0">
  <testcase name="wordpresslogin" time="25.911" classname="popupss.popupmessage"/>
</testsuite> <!-- popupss.popupmessage -->
